c:\users\master\desktop\ccturi\university-projects\egc tema1 - copy\framework-egc-master\visual studio\obj\x64\debug\framework_egc\sceneinput.obj
c:\users\master\desktop\ccturi\university-projects\egc tema1 - copy\framework-egc-master\visual studio\obj\x64\debug\framework_egc\inputcontroller.obj
c:\users\master\desktop\ccturi\university-projects\egc tema1 - copy\framework-egc-master\visual studio\obj\x64\debug\framework_egc\obstacle.obj
c:\users\master\desktop\ccturi\university-projects\egc tema1 - copy\framework-egc-master\visual studio\obj\x64\debug\framework_egc\simplescene.obj
c:\users\master\desktop\ccturi\university-projects\egc tema1 - copy\framework-egc-master\visual studio\obj\x64\debug\framework_egc\gl.obj
c:\users\master\desktop\ccturi\university-projects\egc tema1 - copy\framework-egc-master\visual studio\obj\x64\debug\framework_egc\object2d.obj
c:\users\master\desktop\ccturi\university-projects\egc tema1 - copy\framework-egc-master\visual studio\obj\x64\debug\framework_egc\mesh.obj
c:\users\master\desktop\ccturi\university-projects\egc tema1 - copy\framework-egc-master\visual studio\obj\x64\debug\framework_egc\world.obj
c:\users\master\desktop\ccturi\university-projects\egc tema1 - copy\framework-egc-master\visual studio\obj\x64\debug\framework_egc\shader.obj
c:\users\master\desktop\ccturi\university-projects\egc tema1 - copy\framework-egc-master\visual studio\obj\x64\debug\framework_egc\texture2d.obj
c:\users\master\desktop\ccturi\university-projects\egc tema1 - copy\framework-egc-master\visual studio\obj\x64\debug\framework_egc\bird.obj
c:\users\master\desktop\ccturi\university-projects\egc tema1 - copy\framework-egc-master\visual studio\obj\x64\debug\framework_egc\game.obj
c:\users\master\desktop\ccturi\university-projects\egc tema1 - copy\framework-egc-master\visual studio\obj\x64\debug\framework_egc\engine.obj
c:\users\master\desktop\ccturi\university-projects\egc tema1 - copy\framework-egc-master\visual studio\obj\x64\debug\framework_egc\windowobject.obj
c:\users\master\desktop\ccturi\university-projects\egc tema1 - copy\framework-egc-master\visual studio\obj\x64\debug\framework_egc\camerainput.obj
c:\users\master\desktop\ccturi\university-projects\egc tema1 - copy\framework-egc-master\visual studio\obj\x64\debug\framework_egc\windowcallbacks.obj
c:\users\master\desktop\ccturi\university-projects\egc tema1 - copy\framework-egc-master\visual studio\obj\x64\debug\framework_egc\gpubuffers.obj
c:\users\master\desktop\ccturi\university-projects\egc tema1 - copy\framework-egc-master\visual studio\obj\x64\debug\framework_egc\texturemanager.obj
c:\users\master\desktop\ccturi\university-projects\egc tema1 - copy\framework-egc-master\visual studio\obj\x64\debug\framework_egc\main.obj
c:\users\master\desktop\ccturi\university-projects\egc tema1 - copy\framework-egc-master\visual studio\obj\x64\debug\framework_egc\vc141.pdb
c:\users\master\desktop\ccturi\university-projects\egc tema1 - copy\framework-egc-master\x64\debug\framework_egc.ilk
c:\users\master\desktop\ccturi\university-projects\egc tema1 - copy\framework-egc-master\x64\debug\framework_egc.exe
c:\users\master\desktop\ccturi\university-projects\egc tema1 - copy\framework-egc-master\x64\debug\framework_egc.pdb
c:\users\master\desktop\ccturi\university-projects\egc tema1 - copy\framework-egc-master\visual studio\..\x64\debug\framework_egc.exe
c:\users\master\desktop\ccturi\university-projects\egc tema1 - copy\framework-egc-master\visual studio\obj\x64\debug\framework_egc\framework_egc.tlog\cl.15516.write.1.tlog
c:\users\master\desktop\ccturi\university-projects\egc tema1 - copy\framework-egc-master\visual studio\obj\x64\debug\framework_egc\framework_egc.tlog\cl.command.1.tlog
c:\users\master\desktop\ccturi\university-projects\egc tema1 - copy\framework-egc-master\visual studio\obj\x64\debug\framework_egc\framework_egc.tlog\cl.read.1.tlog
c:\users\master\desktop\ccturi\university-projects\egc tema1 - copy\framework-egc-master\visual studio\obj\x64\debug\framework_egc\framework_egc.tlog\link.command.1.tlog
c:\users\master\desktop\ccturi\university-projects\egc tema1 - copy\framework-egc-master\visual studio\obj\x64\debug\framework_egc\framework_egc.tlog\link.read.1.tlog
c:\users\master\desktop\ccturi\university-projects\egc tema1 - copy\framework-egc-master\visual studio\obj\x64\debug\framework_egc\framework_egc.tlog\link.write.1.tlog
